\BOOKMARK [0][-]{chapter.1}{Introduction}{}% 1
\BOOKMARK [0][-]{chapter.2}{Preparation}{}% 2
\BOOKMARK [1][-]{section*.1}{The Scala Programming Language}{chapter.2}% 3
\BOOKMARK [1][-]{section*.2}{Definition of Type-Safety}{chapter.2}% 4
\BOOKMARK [1][-]{section*.3}{Existing Graph Databases}{chapter.2}% 5
\BOOKMARK [2][-]{section*.4}{Classes of Database}{section*.3}% 6
\BOOKMARK [2][-]{section*.5}{Schema}{section*.3}% 7
\BOOKMARK [2][-]{section*.6}{Mutability}{section*.3}% 8
\BOOKMARK [2][-]{section*.7}{Query Languages}{section*.3}% 9
\BOOKMARK [1][-]{section*.8}{Immutability}{chapter.2}% 10
\BOOKMARK [1][-]{section*.9}{Query Language}{chapter.2}% 11
\BOOKMARK [2][-]{section*.10}{Domain Specific Language Syntax}{section*.9}% 12
\BOOKMARK [2][-]{section*.11}{Semantic Definitions}{section*.9}% 13
\BOOKMARK [2][-]{section*.20}{Typing}{section*.9}% 14
\BOOKMARK [2][-]{section*.21}{Semantics}{section*.9}% 15
\BOOKMARK [2][-]{section*.24}{Commands}{section*.9}% 16
\BOOKMARK [2][-]{section*.25}{Summary}{section*.9}% 17
\BOOKMARK [1][-]{section*.26}{Starting Point}{chapter.2}% 18
\BOOKMARK [1][-]{section*.27}{Software Engineering}{chapter.2}% 19
\BOOKMARK [2][-]{section*.28}{Requirements Analysis}{section*.27}% 20
\BOOKMARK [1][-]{section*.29}{Scala Techniques}{chapter.2}% 21
\BOOKMARK [2][-]{section*.30}{Type-Enrichment}{section*.29}% 22
\BOOKMARK [2][-]{section*.31}{Implicit Parameters}{section*.29}% 23
\BOOKMARK [2][-]{section*.32}{Typeclass Pattern}{section*.29}% 24
\BOOKMARK [0][-]{chapter.3}{Implementation}{}% 25
\BOOKMARK [1][-]{section*.33}{Note on Purity and Concurrency}{chapter.3}% 26
\BOOKMARK [1][-]{section*.34}{Functional Programming Techniques}{chapter.3}% 27
\BOOKMARK [2][-]{section*.35}{Monadic Compilation}{section*.34}% 28
\BOOKMARK [2][-]{section*.36}{Constrained Future Monad}{section*.34}% 29
\BOOKMARK [2][-]{section*.37}{Operation Monad}{section*.34}% 30
\BOOKMARK [2][-]{section*.38}{Local and Global State}{section*.34}% 31
\BOOKMARK [1][-]{section*.39}{Schema Implementation}{chapter.3}% 32
\BOOKMARK [2][-]{section*.40}{Schema Hierarchy}{section*.39}% 33
\BOOKMARK [2][-]{section*.41}{DBObjects}{section*.39}% 34
\BOOKMARK [2][-]{section*.42}{Unerasure}{section*.39}% 35
\BOOKMARK [2][-]{section*.43}{Relations}{section*.39}% 36
\BOOKMARK [2][-]{section*.44}{SchemaDescription}{section*.39}% 37
\BOOKMARK [2][-]{section*.45}{Findables}{section*.39}% 38
\BOOKMARK [1][-]{section*.46}{Query ADT}{chapter.3}% 39
\BOOKMARK [1][-]{section*.47}{Commands}{chapter.3}% 40
\BOOKMARK [1][-]{section*.48}{DSL}{chapter.3}% 41
\BOOKMARK [1][-]{section*.49}{Common Generic Algorithms}{chapter.3}% 42
\BOOKMARK [2][-]{section*.50}{Simple Traversal}{section*.49}% 43
\BOOKMARK [2][-]{section*.54}{Full traversal}{section*.49}% 44
\BOOKMARK [2][-]{section*.58}{Pathfinding}{section*.49}% 45
\BOOKMARK [2][-]{section*.59}{Joins}{section*.49}% 46
\BOOKMARK [1][-]{section*.60}{Views and Commits}{chapter.3}% 47
\BOOKMARK [1][-]{section*.61}{Memory Back-end}{chapter.3}% 48
\BOOKMARK [2][-]{section*.62}{Table Structure}{section*.61}% 49
\BOOKMARK [2][-]{section*.63}{Reads}{section*.61}% 50
\BOOKMARK [2][-]{section*.64}{Left Optimisation}{section*.61}% 51
\BOOKMARK [2][-]{section*.65}{Writes}{section*.61}% 52
\BOOKMARK [2][-]{section*.66}{Storage}{section*.61}% 53
\BOOKMARK [2][-]{section*.67}{Mutability}{section*.61}% 54
\BOOKMARK [2][-]{section*.68}{Pathfinding and fixed point traversal}{section*.61}% 55
\BOOKMARK [1][-]{section*.69}{PostgreSQL back-end}{chapter.3}% 56
\BOOKMARK [2][-]{section*.70}{Table Structure}{section*.69}% 57
\BOOKMARK [2][-]{section*.73}{Query Structure}{section*.69}% 58
\BOOKMARK [2][-]{section*.74}{Monadic Compilation}{section*.69}% 59
\BOOKMARK [2][-]{section*.75}{Writes}{section*.69}% 60
\BOOKMARK [2][-]{section*.76}{Mutability}{section*.69}% 61
\BOOKMARK [2][-]{section*.77}{Pathfinding and Fixed Point Traversal}{section*.69}% 62
\BOOKMARK [2][-]{section*.78}{Object Storage}{section*.69}% 63
\BOOKMARK [1][-]{section*.79}{LMDB Back-ends}{chapter.3}% 64
\BOOKMARK [2][-]{section*.80}{Common}{section*.79}% 65
\BOOKMARK [2][-]{section*.88}{Original LMDB Implementation}{section*.79}% 66
\BOOKMARK [2][-]{section*.89}{Batched}{section*.79}% 67
\BOOKMARK [2][-]{section*.93}{Common Sub-Expression Elimination}{section*.79}% 68
\BOOKMARK [2][-]{section*.97}{Complex Common Sub-Expression Elimination}{section*.79}% 69
\BOOKMARK [1][-]{section*.101}{Summary}{chapter.3}% 70
\BOOKMARK [0][-]{chapter.4}{Evaluation}{}% 71
\BOOKMARK [1][-]{section*.102}{Unit Tests}{chapter.4}% 72
\BOOKMARK [1][-]{section*.103}{Performance Tests}{chapter.4}% 73
\BOOKMARK [2][-]{section*.104}{Hardware}{section*.103}% 74
\BOOKMARK [2][-]{section*.105}{Datasets}{section*.103}% 75
\BOOKMARK [2][-]{section*.112}{Test Harness}{section*.103}% 76
\BOOKMARK [2][-]{section*.113}{Results}{section*.103}% 77
\BOOKMARK [0][-]{chapter.5}{Conclusion}{}% 78
\BOOKMARK [1][-]{section*.124}{Successes}{chapter.5}% 79
\BOOKMARK [1][-]{section*.125}{Further extensions}{chapter.5}% 80
\BOOKMARK [1][-]{section*.126}{Lessons learned}{chapter.5}% 81
\BOOKMARK [1][-]{section*.127}{Concluding Thoughts}{chapter.5}% 82
